# JRE version: Java(TM) SE Runtime Environment (8.0_20-b26) (build 1.8.0_20-b26)
# Java VM: Java HotSpot(TM) 64-Bit Server VM (25.20-b23 mixed mode bsd-amd64 compressed oops)
Heap:
 PSYoungGen      total 232960K, used 206549K [0x00000007aab00000, 0x00000007c0000000, 0x00000007c0000000)
  eden space 116736K, 86% used [0x00000007aab00000,0x00000007b0d72a58,0x00000007b1d00000)
  from space 116224K, 90% used [0x00000007b8e80000,0x00000007bf5c2d90,0x00000007c0000000)
  to   space 116224K, 0% used [0x00000007b1d00000,0x00000007b1d00000,0x00000007b8e80000)
 ParOldGen       total 699392K, used 139538K [0x0000000780000000, 0x00000007aab00000, 0x00000007aab00000)
  object space 699392K, 19% used [0x0000000780000000,0x0000000788844bc8,0x00000007aab00000)
 Metaspace       used 67054K, capacity 67962K, committed 68224K, reserved 1107968K
  class space    used 9771K, capacity 9998K, committed 10112K, reserved 1048576K
GC Heap History (10 events):
Event: 69.080 GC heap before
{Heap before GC invocations=11 (full 3):
 PSYoungGen      total 271872K, used 204821K [0x00000007aab00000, 0x00000007c0000000, 0x00000007c0000000)
  eden space 194560K, 100% used [0x00000007aab00000,0x00000007b6900000,0x00000007b6900000)
  from space 77312K, 13% used [0x00000007b6900000,0x00000007b73054d8,0x00000007bb480000)
  to   space 73728K, 0% used [0x00000007bb800000,0x00000007bb800000,0x00000007c0000000)
 ParOldGen       total 699392K, used 100536K [0x0000000780000000, 0x00000007aab00000, 0x00000007aab00000)
  object space 699392K, 14% used [0x0000000780000000,0x000000078622e368,0x00000007aab00000)
 Metaspace       used 67014K, capacity 67860K, committed 68096K, reserved 1107968K
  class space    used 9764K, capacity 9965K, committed 9984K, reserved 1048576K
Event: 69.130 GC heap after
Heap after GC invocations=11 (full 3):
 PSYoungGen      total 267264K, used 46477K [0x00000007aab00000, 0x00000007c0000000, 0x00000007c0000000)
  eden space 193536K, 0% used [0x00000007aab00000,0x00000007aab00000,0x00000007b6800000)
  from space 73728K, 63% used [0x00000007bb800000,0x00000007be5637e0,0x00000007c0000000)
  to   space 77824K, 0% used [0x00000007b6800000,0x00000007b6800000,0x00000007bb400000)
 ParOldGen       total 699392K, used 100544K [0x0000000780000000, 0x00000007aab00000, 0x00000007aab00000)
  object space 699392K, 14% used [0x0000000780000000,0x0000000786230368,0x00000007aab00000)
 Metaspace       used 67014K, capacity 67860K, committed 68096K, reserved 1107968K
  class space    used 9764K, capacity 9965K, committed 9984K, reserved 1048576K
}
Event: 69.782 GC heap before
{Heap before GC invocations=12 (full 3):
 PSYoungGen      total 267264K, used 240013K [0x00000007aab00000, 0x00000007c0000000, 0x00000007c0000000)
  eden space 193536K, 100% used [0x00000007aab00000,0x00000007b6800000,0x00000007b6800000)
  from space 73728K, 63% used [0x00000007bb800000,0x00000007be5637e0,0x00000007c0000000)
  to   space 77824K, 0% used [0x00000007b6800000,0x00000007b6800000,0x00000007bb400000)
 ParOldGen       total 699392K, used 100544K [0x0000000780000000, 0x00000007aab00000, 0x00000007aab00000)
  object space 699392K, 14% used [0x0000000780000000,0x0000000786230368,0x00000007aab00000)
 Metaspace       used 67025K, capacity 67860K, committed 68096K, reserved 1107968K
  class space    used 9764K, capacity 9965K, committed 9984K, reserved 1048576K
Event: 69.942 GC heap after
Heap after GC invocations=12 (full 3):
 PSYoungGen      total 271360K, used 77822K [0x00000007aab00000, 0x00000007c0000000, 0x00000007c0000000)
  eden space 193536K, 0% used [0x00000007aab00000,0x00000007aab00000,0x00000007b6800000)
  from space 77824K, 99% used [0x00000007b6800000,0x00000007bb3ffad8,0x00000007bb400000)
  to   space 77824K, 0% used [0x00000007bb400000,0x00000007bb400000,0x00000007c0000000)
 ParOldGen       total 699392K, used 121232K [0x0000000780000000, 0x00000007aab00000, 0x00000007aab00000)
  object space 699392K, 17% used [0x0000000780000000,0x0000000787664368,0x00000007aab00000)
 Metaspace       used 67025K, capacity 67860K, committed 68096K, reserved 1107968K
  class space    used 9764K, capacity 9965K, committed 9984K, reserved 1048576K
}
Event: 70.241 GC heap before
{Heap before GC invocations=13 (full 3):
 PSYoungGen      total 271360K, used 271358K [0x00000007aab00000, 0x00000007c0000000, 0x00000007c0000000)
  eden space 193536K, 100% used [0x00000007aab00000,0x00000007b6800000,0x00000007b6800000)
  from space 77824K, 99% used [0x00000007b6800000,0x00000007bb3ffad8,0x00000007bb400000)
  to   space 77824K, 0% used [0x00000007bb400000,0x00000007bb400000,0x00000007c0000000)
 ParOldGen       total 699392K, used 121232K [0x0000000780000000, 0x00000007aab00000, 0x00000007aab00000)
  object space 699392K, 17% used [0x0000000780000000,0x0000000787664368,0x00000007aab00000)
 Metaspace       used 67053K, capacity 67962K, committed 68224K, reserved 1107968K
  class space    used 9771K, capacity 9998K, committed 10112K, reserved 1048576K
Event: 70.425 GC heap after
Heap after GC invocations=13 (full 3):
 PSYoungGen      total 194560K, used 77803K [0x00000007aab00000, 0x00000007c0000000, 0x00000007c0000000)
  eden space 116736K, 0% used [0x00000007aab00000,0x00000007aab00000,0x00000007b1d00000)
  from space 77824K, 99% used [0x00000007bb400000,0x00000007bfffad80,0x00000007c0000000)
  to   space 116224K, 0% used [0x00000007b1d00000,0x00000007b1d00000,0x00000007b8e80000)
 ParOldGen       total 699392K, used 135560K [0x0000000780000000, 0x00000007aab00000, 0x00000007aab00000)
  object space 699392K, 19% used [0x0000000780000000,0x0000000788462368,0x00000007aab00000)
 Metaspace       used 67053K, capacity 67962K, committed 68224K, reserved 1107968K
  class space    used 9771K, capacity 9998K, committed 10112K, reserved 1048576K
}
Event: 70.584 GC heap before
{Heap before GC invocations=14 (full 3):
 PSYoungGen      total 194560K, used 194539K [0x00000007aab00000, 0x00000007c0000000, 0x00000007c0000000)
  eden space 116736K, 100% used [0x00000007aab00000,0x00000007b1d00000,0x00000007b1d00000)
  from space 77824K, 99% used [0x00000007bb400000,0x00000007bfffad80,0x00000007c0000000)
  to   space 116224K, 0% used [0x00000007b1d00000,0x00000007b1d00000,0x00000007b8e80000)
 ParOldGen       total 699392K, used 135560K [0x0000000780000000, 0x00000007aab00000, 0x00000007aab00000)
  object space 699392K, 19% used [0x0000000780000000,0x0000000788462368,0x00000007aab00000)
 Metaspace       used 67053K, capacity 67962K, committed 68224K, reserved 1107968K
  class space    used 9771K, capacity 9998K, committed 10112K, reserved 1048576K
Event: 70.701 GC heap after
Heap after GC invocations=14 (full 3):
 PSYoungGen      total 232960K, used 87691K [0x00000007aab00000, 0x00000007c0000000, 0x00000007c0000000)
  eden space 116736K, 0% used [0x00000007aab00000,0x00000007aab00000,0x00000007b1d00000)
  from space 116224K, 75% used [0x00000007b1d00000,0x00000007b72a2d80,0x00000007b8e80000)
  to   space 116224K, 0% used [0x00000007b8e80000,0x00000007b8e80000,0x00000007c0000000)
 ParOldGen       total 699392K, used 135568K [0x0000000780000000, 0x00000007aab00000, 0x00000007aab00000)
  object space 699392K, 19% used [0x0000000780000000,0x0000000788464368,0x00000007aab00000)
 Metaspace       used 67053K, capacity 67962K, committed 68224K, reserved 1107968K
  class space    used 9771K, capacity 9998K, committed 10112K, reserved 1048576K
}
Event: 71.759 GC heap before
{Heap before GC invocations=15 (full 3):
 PSYoungGen      total 232960K, used 193515K [0x00000007aab00000, 0x00000007c0000000, 0x00000007c0000000)
  eden space 116736K, 90% used [0x00000007aab00000,0x00000007b12581d0,0x00000007b1d00000)
  from space 116224K, 75% used [0x00000007b1d00000,0x00000007b72a2d80,0x00000007b8e80000)
  to   space 116224K, 0% used [0x00000007b8e80000,0x00000007b8e80000,0x00000007c0000000)
 ParOldGen       total 699392K, used 135568K [0x0000000780000000, 0x00000007aab00000, 0x00000007aab00000)
  object space 699392K, 19% used [0x0000000780000000,0x0000000788464368,0x00000007aab00000)
 Metaspace       used 67054K, capacity 67962K, committed 68224K, reserved 1107968K
  class space    used 9771K, capacity 9998K, committed 10112K, reserved 1048576K
Event: 71.935 GC heap after
Heap after GC invocations=15 (full 3):
 PSYoungGen      total 232960K, used 105739K [0x00000007aab00000, 0x00000007c0000000, 0x00000007c0000000)
  eden space 116736K, 0% used [0x00000007aab00000,0x00000007aab00000,0x00000007b1d00000)
  from space 116224K, 90% used [0x00000007b8e80000,0x00000007bf5c2d90,0x00000007c0000000)
  to   space 116224K, 0% used [0x00000007b1d00000,0x00000007b1d00000,0x00000007b8e80000)
 ParOldGen       total 699392K, used 139538K [0x0000000780000000, 0x00000007aab00000, 0x00000007aab00000)
  object space 699392K, 19% used [0x0000000780000000,0x0000000788844bc8,0x00000007aab00000)
 Metaspace       used 67054K, capacity 67962K, committed 68224K, reserved 1107968K
  class space    used 9771K, capacity 9998K, committed 10112K, reserved 1048576K
}

