# JRE version: Java(TM) SE Runtime Environment (8.0_20-b26) (build 1.8.0_20-b26)
# Java VM: Java HotSpot(TM) 64-Bit Server VM (25.20-b23 mixed mode bsd-amd64 compressed oops)
Heap:
 PSYoungGen      total 305664K, used 96785K [0x00000007aab00000, 0x00000007c0000000, 0x00000007c0000000)
  eden space 262144K, 36% used [0x00000007aab00000,0x00000007b09847d8,0x00000007bab00000)
  from space 43520K, 0% used [0x00000007bd580000,0x00000007bd580000,0x00000007c0000000)
  to   space 43520K, 0% used [0x00000007bab00000,0x00000007bab00000,0x00000007bd580000)
 ParOldGen       total 699392K, used 99584K [0x0000000780000000, 0x00000007aab00000, 0x00000007aab00000)
  object space 699392K, 14% used [0x0000000780000000,0x0000000786140348,0x00000007aab00000)
 Metaspace       used 67431K, capacity 67919K, committed 68352K, reserved 1105920K
  class space    used 12036K, capacity 12163K, committed 12288K, reserved 1048576K
GC Heap History (10 events):
Event: 4.413 GC heap before
{Heap before GC invocations=3 (full 1):
 PSYoungGen      total 305664K, used 141591K [0x00000007aab00000, 0x00000007c0000000, 0x00000007c0000000)
  eden space 262144K, 54% used [0x00000007aab00000,0x00000007b3545d90,0x00000007bab00000)
  from space 43520K, 0% used [0x00000007bab00000,0x00000007bab00000,0x00000007bd580000)
  to   space 43520K, 0% used [0x00000007bd580000,0x00000007bd580000,0x00000007c0000000)
 ParOldGen       total 699392K, used 15501K [0x0000000780000000, 0x00000007aab00000, 0x00000007aab00000)
  object space 699392K, 2% used [0x0000000780000000,0x0000000780f237a8,0x00000007aab00000)
 Metaspace       used 35005K, capacity 35270K, committed 35496K, reserved 1079296K
  class space    used 6324K, capacity 6376K, committed 6400K, reserved 1048576K
Event: 4.430 GC heap after
Heap after GC invocations=3 (full 1):
 PSYoungGen      total 305664K, used 15701K [0x00000007aab00000, 0x00000007c0000000, 0x00000007c0000000)
  eden space 262144K, 0% used [0x00000007aab00000,0x00000007aab00000,0x00000007bab00000)
  from space 43520K, 36% used [0x00000007bd580000,0x00000007be4d5768,0x00000007c0000000)
  to   space 43520K, 0% used [0x00000007bab00000,0x00000007bab00000,0x00000007bd580000)
 ParOldGen       total 699392K, used 15509K [0x0000000780000000, 0x00000007aab00000, 0x00000007aab00000)
  object space 699392K, 2% used [0x0000000780000000,0x0000000780f257a8,0x00000007aab00000)
 Metaspace       used 35005K, capacity 35270K, committed 35496K, reserved 1079296K
  class space    used 6324K, capacity 6376K, committed 6400K, reserved 1048576K
}
Event: 4.430 GC heap before
{Heap before GC invocations=4 (full 2):
 PSYoungGen      total 305664K, used 15701K [0x00000007aab00000, 0x00000007c0000000, 0x00000007c0000000)
  eden space 262144K, 0% used [0x00000007aab00000,0x00000007aab00000,0x00000007bab00000)
  from space 43520K, 36% used [0x00000007bd580000,0x00000007be4d5768,0x00000007c0000000)
  to   space 43520K, 0% used [0x00000007bab00000,0x00000007bab00000,0x00000007bd580000)
 ParOldGen       total 699392K, used 15509K [0x0000000780000000, 0x00000007aab00000, 0x00000007aab00000)
  object space 699392K, 2% used [0x0000000780000000,0x0000000780f257a8,0x00000007aab00000)
 Metaspace       used 35005K, capacity 35270K, committed 35496K, reserved 1079296K
  class space    used 6324K, capacity 6376K, committed 6400K, reserved 1048576K
Event: 4.483 GC heap after
Heap after GC invocations=4 (full 2):
 PSYoungGen      total 305664K, used 0K [0x00000007aab00000, 0x00000007c0000000, 0x00000007c0000000)
  eden space 262144K, 0% used [0x00000007aab00000,0x00000007aab00000,0x00000007bab00000)
  from space 43520K, 0% used [0x00000007bd580000,0x00000007bd580000,0x00000007c0000000)
  to   space 43520K, 0% used [0x00000007bab00000,0x00000007bab00000,0x00000007bd580000)
 ParOldGen       total 699392K, used 18788K [0x0000000780000000, 0x00000007aab00000, 0x00000007aab00000)
  object space 699392K, 2% used [0x0000000780000000,0x0000000781259150,0x00000007aab00000)
 Metaspace       used 35003K, capacity 35264K, committed 35496K, reserved 1079296K
  class space    used 6323K, capacity 6374K, committed 6400K, reserved 1048576K
}
Event: 6.751 GC heap before
{Heap before GC invocations=5 (full 2):
 PSYoungGen      total 305664K, used 262144K [0x00000007aab00000, 0x00000007c0000000, 0x00000007c0000000)
  eden space 262144K, 100% used [0x00000007aab00000,0x00000007bab00000,0x00000007bab00000)
  from space 43520K, 0% used [0x00000007bd580000,0x00000007bd580000,0x00000007c0000000)
  to   space 43520K, 0% used [0x00000007bab00000,0x00000007bab00000,0x00000007bd580000)
 ParOldGen       total 699392K, used 18788K [0x0000000780000000, 0x00000007aab00000, 0x00000007aab00000)
  object space 699392K, 2% used [0x0000000780000000,0x0000000781259150,0x00000007aab00000)
 Metaspace       used 41929K, capacity 42340K, committed 42496K, reserved 1083392K
  class space    used 8041K, capacity 8121K, committed 8192K, reserved 1048576K
Event: 6.772 GC heap after
Heap after GC invocations=5 (full 2):
 PSYoungGen      total 305664K, used 20878K [0x00000007aab00000, 0x00000007c0000000, 0x00000007c0000000)
  eden space 262144K, 0% used [0x00000007aab00000,0x00000007aab00000,0x00000007bab00000)
  from space 43520K, 47% used [0x00000007bab00000,0x00000007bbf63ba8,0x00000007bd580000)
  to   space 43520K, 0% used [0x00000007bd580000,0x00000007bd580000,0x00000007c0000000)
 ParOldGen       total 699392K, used 18796K [0x0000000780000000, 0x00000007aab00000, 0x00000007aab00000)
  object space 699392K, 2% used [0x0000000780000000,0x000000078125b150,0x00000007aab00000)
 Metaspace       used 41929K, capacity 42340K, committed 42496K, reserved 1083392K
  class space    used 8041K, capacity 8121K, committed 8192K, reserved 1048576K
}
Event: 9.131 GC heap before
{Heap before GC invocations=6 (full 2):
 PSYoungGen      total 305664K, used 275419K [0x00000007aab00000, 0x00000007c0000000, 0x00000007c0000000)
  eden space 262144K, 97% used [0x00000007aab00000,0x00000007ba3933e0,0x00000007bab00000)
  from space 43520K, 47% used [0x00000007bab00000,0x00000007bbf63ba8,0x00000007bd580000)
  to   space 43520K, 0% used [0x00000007bd580000,0x00000007bd580000,0x00000007c0000000)
 ParOldGen       total 699392K, used 18796K [0x0000000780000000, 0x00000007aab00000, 0x00000007aab00000)
  object space 699392K, 2% used [0x0000000780000000,0x000000078125b150,0x00000007aab00000)
 Metaspace       used 58402K, capacity 58900K, committed 59136K, reserved 1097728K
  class space    used 10760K, capacity 10885K, committed 11008K, reserved 1048576K
Event: 9.227 GC heap after
Heap after GC invocations=6 (full 2):
 PSYoungGen      total 305664K, used 43513K [0x00000007aab00000, 0x00000007c0000000, 0x00000007c0000000)
  eden space 262144K, 0% used [0x00000007aab00000,0x00000007aab00000,0x00000007bab00000)
  from space 43520K, 99% used [0x00000007bd580000,0x00000007bfffe628,0x00000007c0000000)
  to   space 43520K, 0% used [0x00000007bab00000,0x00000007bab00000,0x00000007bd580000)
 ParOldGen       total 699392K, used 69939K [0x0000000780000000, 0x00000007aab00000, 0x00000007aab00000)
  object space 699392K, 10% used [0x0000000780000000,0x000000078444cf90,0x00000007aab00000)
 Metaspace       used 58402K, capacity 58900K, committed 59136K, reserved 1097728K
  class space    used 10760K, capacity 10885K, committed 11008K, reserved 1048576K
}
Event: 9.227 GC heap before
{Heap before GC invocations=7 (full 3):
 PSYoungGen      total 305664K, used 43513K [0x00000007aab00000, 0x00000007c0000000, 0x00000007c0000000)
  eden space 262144K, 0% used [0x00000007aab00000,0x00000007aab00000,0x00000007bab00000)
  from space 43520K, 99% used [0x00000007bd580000,0x00000007bfffe628,0x00000007c0000000)
  to   space 43520K, 0% used [0x00000007bab00000,0x00000007bab00000,0x00000007bd580000)
 ParOldGen       total 699392K, used 69939K [0x0000000780000000, 0x00000007aab00000, 0x00000007aab00000)
  object space 699392K, 10% used [0x0000000780000000,0x000000078444cf90,0x00000007aab00000)
 Metaspace       used 58402K, capacity 58900K, committed 59136K, reserved 1097728K
  class space    used 10760K, capacity 10885K, committed 11008K, reserved 1048576K
Event: 9.567 GC heap after
Heap after GC invocations=7 (full 3):
 PSYoungGen      total 305664K, used 0K [0x00000007aab00000, 0x00000007c0000000, 0x00000007c0000000)
  eden space 262144K, 0% used [0x00000007aab00000,0x00000007aab00000,0x00000007bab00000)
  from space 43520K, 0% used [0x00000007bd580000,0x00000007bd580000,0x00000007c0000000)
  to   space 43520K, 0% used [0x00000007bab00000,0x00000007bab00000,0x00000007bd580000)
 ParOldGen       total 699392K, used 99584K [0x0000000780000000, 0x00000007aab00000, 0x00000007aab00000)
  object space 699392K, 14% used [0x0000000780000000,0x0000000786140348,0x00000007aab00000)
 Metaspace       used 58398K, capacity 58894K, committed 59136K, reserved 1097728K
  class space    used 10758K, capacity 10883K, committed 11008K, reserved 1048576K
}

