# JRE version: Java(TM) SE Runtime Environment (8.0_20-b26) (build 1.8.0_20-b26)
# Java VM: Java HotSpot(TM) 64-Bit Server VM (25.20-b23 mixed mode bsd-amd64 compressed oops)
Heap:
 PSYoungGen      total 258560K, used 52640K [0x00000007aab00000, 0x00000007c0000000, 0x00000007c0000000)
  eden space 205824K, 0% used [0x00000007aab00000,0x00000007aab00000,0x00000007b7400000)
  from space 52736K, 99% used [0x00000007b7400000,0x00000007ba768258,0x00000007ba780000)
  to   space 79360K, 0% used [0x00000007bb280000,0x00000007bb280000,0x00000007c0000000)
 ParOldGen       total 699392K, used 669432K [0x0000000780000000, 0x00000007aab00000, 0x00000007aab00000)
  object space 699392K, 95% used [0x0000000780000000,0x00000007a8dbe358,0x00000007aab00000)
 Metaspace       used 71716K, capacity 72402K, committed 72960K, reserved 1112064K
  class space    used 9938K, capacity 10098K, committed 10240K, reserved 1048576K
GC Heap History (10 events):
Event: 615.672 GC heap after
Heap after GC invocations=425 (full 45):
 PSYoungGen      total 303104K, used 33984K [0x00000007aab00000, 0x00000007c0000000, 0x00000007c0000000)
  eden space 268800K, 0% used [0x00000007aab00000,0x00000007aab00000,0x00000007bb180000)
  from space 34304K, 99% used [0x00000007bb180000,0x00000007bd2b02d0,0x00000007bd300000)
  to   space 46080K, 0% used [0x00000007bd300000,0x00000007bd300000,0x00000007c0000000)
 ParOldGen       total 699392K, used 492389K [0x0000000780000000, 0x00000007aab00000, 0x00000007aab00000)
  object space 699392K, 70% used [0x0000000780000000,0x000000079e0d9410,0x00000007aab00000)
 Metaspace       used 71695K, capacity 72320K, committed 72960K, reserved 1112064K
  class space    used 9936K, capacity 10095K, committed 10240K, reserved 1048576K
}
Event: 615.830 GC heap before
{Heap before GC invocations=426 (full 45):
 PSYoungGen      total 303104K, used 265635K [0x00000007aab00000, 0x00000007c0000000, 0x00000007c0000000)
  eden space 268800K, 86% used [0x00000007aab00000,0x00000007b8d38960,0x00000007bb180000)
  from space 34304K, 99% used [0x00000007bb180000,0x00000007bd2b02d0,0x00000007bd300000)
  to   space 46080K, 0% used [0x00000007bd300000,0x00000007bd300000,0x00000007c0000000)
 ParOldGen       total 699392K, used 492389K [0x0000000780000000, 0x00000007aab00000, 0x00000007aab00000)
  object space 699392K, 70% used [0x0000000780000000,0x000000079e0d9410,0x00000007aab00000)
 Metaspace       used 71701K, capacity 72384K, committed 72960K, reserved 1112064K
  class space    used 9936K, capacity 10095K, committed 10240K, reserved 1048576K
Event: 615.869 GC heap after
Heap after GC invocations=426 (full 45):
 PSYoungGen      total 290816K, used 34560K [0x00000007aab00000, 0x00000007c0000000, 0x00000007c0000000)
  eden space 244736K, 0% used [0x00000007aab00000,0x00000007aab00000,0x00000007b9a00000)
  from space 46080K, 75% used [0x00000007bd300000,0x00000007bf4c0010,0x00000007c0000000)
  to   space 52224K, 0% used [0x00000007b9a00000,0x00000007b9a00000,0x00000007bcd00000)
 ParOldGen       total 699392K, used 565622K [0x0000000780000000, 0x00000007aab00000, 0x00000007aab00000)
  object space 699392K, 80% used [0x0000000780000000,0x00000007a285d828,0x00000007aab00000)
 Metaspace       used 71701K, capacity 72384K, committed 72960K, reserved 1112064K
  class space    used 9936K, capacity 10095K, committed 10240K, reserved 1048576K
}
Event: 642.724 GC heap before
{Heap before GC invocations=427 (full 45):
 PSYoungGen      total 290816K, used 267851K [0x00000007aab00000, 0x00000007c0000000, 0x00000007c0000000)
  eden space 244736K, 95% used [0x00000007aab00000,0x00000007b8ed2c00,0x00000007b9a00000)
  from space 46080K, 75% used [0x00000007bd300000,0x00000007bf4c0010,0x00000007c0000000)
  to   space 52224K, 0% used [0x00000007b9a00000,0x00000007b9a00000,0x00000007bcd00000)
 ParOldGen       total 699392K, used 565622K [0x0000000780000000, 0x00000007aab00000, 0x00000007aab00000)
  object space 699392K, 80% used [0x0000000780000000,0x00000007a285d828,0x00000007aab00000)
 Metaspace       used 71705K, capacity 72384K, committed 72960K, reserved 1112064K
  class space    used 9936K, capacity 10095K, committed 10240K, reserved 1048576K
Event: 642.990 GC heap after
Heap after GC invocations=427 (full 45):
 PSYoungGen      total 293888K, used 48945K [0x00000007aab00000, 0x00000007c0000000, 0x00000007c0000000)
  eden space 244736K, 0% used [0x00000007aab00000,0x00000007aab00000,0x00000007b9a00000)
  from space 49152K, 99% used [0x00000007b9a00000,0x00000007bc9cc7e0,0x00000007bca00000)
  to   space 55296K, 0% used [0x00000007bca00000,0x00000007bca00000,0x00000007c0000000)
 ParOldGen       total 699392K, used 565622K [0x0000000780000000, 0x00000007aab00000, 0x00000007aab00000)
  object space 699392K, 80% used [0x0000000780000000,0x00000007a285d828,0x00000007aab00000)
 Metaspace       used 71705K, capacity 72384K, committed 72960K, reserved 1112064K
  class space    used 9936K, capacity 10095K, committed 10240K, reserved 1048576K
}
Event: 644.326 GC heap before
{Heap before GC invocations=428 (full 45):
 PSYoungGen      total 293888K, used 288990K [0x00000007aab00000, 0x00000007c0000000, 0x00000007c0000000)
  eden space 244736K, 98% used [0x00000007aab00000,0x00000007b956b350,0x00000007b9a00000)
  from space 49152K, 99% used [0x00000007b9a00000,0x00000007bc9cc7e0,0x00000007bca00000)
  to   space 55296K, 0% used [0x00000007bca00000,0x00000007bca00000,0x00000007c0000000)
 ParOldGen       total 699392K, used 565622K [0x0000000780000000, 0x00000007aab00000, 0x00000007aab00000)
  object space 699392K, 80% used [0x0000000780000000,0x00000007a285d828,0x00000007aab00000)
 Metaspace       used 71709K, capacity 72390K, committed 72960K, reserved 1112064K
  class space    used 9937K, capacity 10096K, committed 10240K, reserved 1048576K
Event: 644.482 GC heap after
Heap after GC invocations=428 (full 45):
 PSYoungGen      total 261120K, used 52672K [0x00000007aab00000, 0x00000007c0000000, 0x00000007c0000000)
  eden space 205824K, 0% used [0x00000007aab00000,0x00000007aab00000,0x00000007b7400000)
  from space 55296K, 95% used [0x00000007bca00000,0x00000007bfd70258,0x00000007c0000000)
  to   space 71680K, 0% used [0x00000007b7400000,0x00000007b7400000,0x00000007bba00000)
 ParOldGen       total 699392K, used 591574K [0x0000000780000000, 0x00000007aab00000, 0x00000007aab00000)
  object space 699392K, 84% used [0x0000000780000000,0x00000007a41b5ad8,0x00000007aab00000)
 Metaspace       used 71709K, capacity 72390K, committed 72960K, reserved 1112064K
  class space    used 9937K, capacity 10096K, committed 10240K, reserved 1048576K
}
Event: 647.316 GC heap before
{Heap before GC invocations=429 (full 45):
 PSYoungGen      total 261120K, used 252171K [0x00000007aab00000, 0x00000007c0000000, 0x00000007c0000000)
  eden space 205824K, 96% used [0x00000007aab00000,0x00000007b6dd2ce8,0x00000007b7400000)
  from space 55296K, 95% used [0x00000007bca00000,0x00000007bfd70258,0x00000007c0000000)
  to   space 71680K, 0% used [0x00000007b7400000,0x00000007b7400000,0x00000007bba00000)
 ParOldGen       total 699392K, used 591574K [0x0000000780000000, 0x00000007aab00000, 0x00000007aab00000)
  object space 699392K, 84% used [0x0000000780000000,0x00000007a41b5ad8,0x00000007aab00000)
 Metaspace       used 71716K, capacity 72402K, committed 72960K, reserved 1112064K
  class space    used 9938K, capacity 10098K, committed 10240K, reserved 1048576K
Event: 647.498 GC heap after
Heap after GC invocations=429 (full 45):
 PSYoungGen      total 258560K, used 52640K [0x00000007aab00000, 0x00000007c0000000, 0x00000007c0000000)
  eden space 205824K, 0% used [0x00000007aab00000,0x00000007aab00000,0x00000007b7400000)
  from space 52736K, 99% used [0x00000007b7400000,0x00000007ba768258,0x00000007ba780000)
  to   space 79360K, 0% used [0x00000007bb280000,0x00000007bb280000,0x00000007c0000000)
 ParOldGen       total 699392K, used 669432K [0x0000000780000000, 0x00000007aab00000, 0x00000007aab00000)
  object space 699392K, 95% used [0x0000000780000000,0x00000007a8dbe358,0x00000007aab00000)
 Metaspace       used 71716K, capacity 72402K, committed 72960K, reserved 1112064K
  class space    used 9938K, capacity 10098K, committed 10240K, reserved 1048576K
}
Event: 647.498 GC heap before
{Heap before GC invocations=430 (full 46):
 PSYoungGen      total 258560K, used 52640K [0x00000007aab00000, 0x00000007c0000000, 0x00000007c0000000)
  eden space 205824K, 0% used [0x00000007aab00000,0x00000007aab00000,0x00000007b7400000)
  from space 52736K, 99% used [0x00000007b7400000,0x00000007ba768258,0x00000007ba780000)
  to   space 79360K, 0% used [0x00000007bb280000,0x00000007bb280000,0x00000007c0000000)
 ParOldGen       total 699392K, used 669432K [0x0000000780000000, 0x00000007aab00000, 0x00000007aab00000)
  object space 699392K, 95% used [0x0000000780000000,0x00000007a8dbe358,0x00000007aab00000)
 Metaspace       used 71716K, capacity 72402K, committed 72960K, reserved 1112064K
  class space    used 9938K, capacity 10098K, committed 10240K, reserved 1048576K

